{"/Users/tyler/Documents/git/tylerkstevens/webapp-calculators/src/calculations/hashrate.ts": {"path":"/Users/tyler/Documents/git/tylerkstevens/webapp-calculators/src/calculations/hashrate.ts","statementMap":{"0":{"start":{"line":58,"column":42},"end":{"line":68,"column":null}},"1":{"start":{"line":71,"column":47},"end":{"line":75,"column":null}},"2":{"start":{"line":78,"column":26},"end":{"line":115,"column":null}},"3":{"start":{"line":134,"column":68},"end":{"line":174,"column":null}},"4":{"start":{"line":181,"column":2},"end":{"line":181,"column":null}},"5":{"start":{"line":185,"column":31},"end":{"line":185,"column":null}},"6":{"start":{"line":188,"column":20},"end":{"line":188,"column":null}},"7":{"start":{"line":191,"column":22},"end":{"line":191,"column":null}},"8":{"start":{"line":192,"column":22},"end":{"line":192,"column":null}},"9":{"start":{"line":209,"column":25},"end":{"line":209,"column":null}},"10":{"start":{"line":210,"column":2},"end":{"line":210,"column":null}},"11":{"start":{"line":222,"column":2},"end":{"line":222,"column":null}},"12":{"start":{"line":236,"column":20},"end":{"line":236,"column":null}},"13":{"start":{"line":237,"column":20},"end":{"line":237,"column":null}},"14":{"start":{"line":238,"column":28},"end":{"line":238,"column":null}},"15":{"start":{"line":240,"column":2},"end":{"line":245,"column":null}},"16":{"start":{"line":261,"column":23},"end":{"line":261,"column":null}},"17":{"start":{"line":264,"column":20},"end":{"line":264,"column":null}},"18":{"start":{"line":267,"column":2},"end":{"line":267,"column":null}},"19":{"start":{"line":287,"column":20},"end":{"line":287,"column":null}},"20":{"start":{"line":288,"column":31},"end":{"line":288,"column":null}},"21":{"start":{"line":291,"column":19},"end":{"line":291,"column":null}},"22":{"start":{"line":292,"column":29},"end":{"line":292,"column":null}},"23":{"start":{"line":295,"column":21},"end":{"line":295,"column":null}},"24":{"start":{"line":296,"column":22},"end":{"line":296,"column":null}},"25":{"start":{"line":299,"column":12},"end":{"line":299,"column":null}},"26":{"start":{"line":305,"column":2},"end":{"line":309,"column":null}},"27":{"start":{"line":306,"column":4},"end":{"line":306,"column":null}},"28":{"start":{"line":308,"column":4},"end":{"line":308,"column":null}},"29":{"start":{"line":312,"column":23},"end":{"line":312,"column":null}},"30":{"start":{"line":313,"column":30},"end":{"line":313,"column":null}},"31":{"start":{"line":317,"column":32},"end":{"line":317,"column":null}},"32":{"start":{"line":319,"column":32},"end":{"line":319,"column":null}},"33":{"start":{"line":322,"column":25},"end":{"line":322,"column":null}},"34":{"start":{"line":326,"column":2},"end":{"line":332,"column":null}},"35":{"start":{"line":327,"column":4},"end":{"line":327,"column":null}},"36":{"start":{"line":328,"column":2},"end":{"line":332,"column":null}},"37":{"start":{"line":329,"column":4},"end":{"line":329,"column":null}},"38":{"start":{"line":331,"column":4},"end":{"line":331,"column":null}},"39":{"start":{"line":334,"column":2},"end":{"line":347,"column":null}},"40":{"start":{"line":371,"column":15},"end":{"line":371,"column":null}},"41":{"start":{"line":375,"column":20},"end":{"line":375,"column":null}},"42":{"start":{"line":378,"column":21},"end":{"line":380,"column":null}},"43":{"start":{"line":381,"column":26},"end":{"line":381,"column":null}},"44":{"start":{"line":382,"column":32},"end":{"line":382,"column":null}},"45":{"start":{"line":385,"column":21},"end":{"line":385,"column":null}},"46":{"start":{"line":386,"column":29},"end":{"line":386,"column":null}},"47":{"start":{"line":389,"column":25},"end":{"line":391,"column":null}},"48":{"start":{"line":394,"column":8},"end":{"line":394,"column":null}},"49":{"start":{"line":395,"column":24},"end":{"line":395,"column":null}},"50":{"start":{"line":397,"column":2},"end":{"line":403,"column":null}},"51":{"start":{"line":424,"column":18},"end":{"line":424,"column":null}},"52":{"start":{"line":425,"column":20},"end":{"line":425,"column":null}},"53":{"start":{"line":426,"column":19},"end":{"line":426,"column":null}},"54":{"start":{"line":427,"column":29},"end":{"line":427,"column":null}},"55":{"start":{"line":431,"column":18},"end":{"line":431,"column":null}},"56":{"start":{"line":433,"column":2},"end":{"line":433,"column":null}},"57":{"start":{"line":441,"column":2},"end":{"line":441,"column":null}},"58":{"start":{"line":448,"column":2},"end":{"line":450,"column":null}},"59":{"start":{"line":449,"column":4},"end":{"line":449,"column":null}},"60":{"start":{"line":451,"column":2},"end":{"line":453,"column":null}},"61":{"start":{"line":452,"column":4},"end":{"line":452,"column":null}},"62":{"start":{"line":454,"column":2},"end":{"line":454,"column":null}}},"fnMap":{"0":{"name":"getFuelSpecs","decl":{"start":{"line":180,"column":16},"end":{"line":180,"column":29}},"loc":{"start":{"line":180,"column":74},"end":{"line":182,"column":null}},"line":180},"1":{"name":"calculateHashvalue","decl":{"start":{"line":206,"column":16},"end":{"line":206,"column":35}},"loc":{"start":{"line":206,"column":91},"end":{"line":211,"column":null}},"line":206},"2":{"name":"calculateHashprice","decl":{"start":{"line":221,"column":16},"end":{"line":221,"column":35}},"loc":{"start":{"line":221,"column":80},"end":{"line":223,"column":null}},"line":221},"3":{"name":"calculateNetworkMetrics","decl":{"start":{"line":232,"column":16},"end":{"line":232,"column":null}},"loc":{"start":{"line":235,"column":18},"end":{"line":246,"column":null}},"line":235},"4":{"name":"calculateDailyBTC","decl":{"start":{"line":259,"column":16},"end":{"line":259,"column":34}},"loc":{"start":{"line":259,"column":86},"end":{"line":268,"column":null}},"line":259},"5":{"name":"calculateCOPe","decl":{"start":{"line":281,"column":16},"end":{"line":281,"column":null}},"loc":{"start":{"line":285,"column":14},"end":{"line":348,"column":null}},"line":285},"6":{"name":"calculateArbitrage","decl":{"start":{"line":362,"column":16},"end":{"line":362,"column":null}},"loc":{"start":{"line":370,"column":19},"end":{"line":404,"column":null}},"line":370},"7":{"name":"calculateBreakevenForCOPe","decl":{"start":{"line":414,"column":16},"end":{"line":414,"column":null}},"loc":{"start":{"line":418,"column":10},"end":{"line":434,"column":null}},"line":418},"8":{"name":"getMinerEfficiency","decl":{"start":{"line":439,"column":16},"end":{"line":439,"column":35}},"loc":{"start":{"line":439,"column":61},"end":{"line":442,"column":null}},"line":439},"9":{"name":"formatCOPe","decl":{"start":{"line":447,"column":16},"end":{"line":447,"column":27}},"loc":{"start":{"line":447,"column":49},"end":{"line":455,"column":null}},"line":447}},"branchMap":{"0":{"loc":{"start":{"line":180,"column":49},"end":{"line":180,"column":74}},"type":"default-arg","locations":[{"start":{"line":180,"column":68},"end":{"line":180,"column":74}}],"line":180},"1":{"loc":{"start":{"line":181,"column":9},"end":{"line":181,"column":null}},"type":"binary-expr","locations":[{"start":{"line":181,"column":9},"end":{"line":181,"column":55}},{"start":{"line":181,"column":55},"end":{"line":181,"column":null}}],"line":181},"2":{"loc":{"start":{"line":234,"column":2},"end":{"line":234,"column":null}},"type":"default-arg","locations":[{"start":{"line":234,"column":23},"end":{"line":234,"column":null}}],"line":234},"3":{"loc":{"start":{"line":299,"column":12},"end":{"line":299,"column":null}},"type":"cond-expr","locations":[{"start":{"line":299,"column":39},"end":{"line":299,"column":83}},{"start":{"line":299,"column":83},"end":{"line":299,"column":null}}],"line":299},"4":{"loc":{"start":{"line":305,"column":2},"end":{"line":309,"column":null}},"type":"if","locations":[{"start":{"line":305,"column":2},"end":{"line":309,"column":null}},{"start":{"line":307,"column":9},"end":{"line":309,"column":null}}],"line":305},"5":{"loc":{"start":{"line":326,"column":2},"end":{"line":332,"column":null}},"type":"if","locations":[{"start":{"line":326,"column":2},"end":{"line":332,"column":null}},{"start":{"line":328,"column":2},"end":{"line":332,"column":null}}],"line":326},"6":{"loc":{"start":{"line":328,"column":2},"end":{"line":332,"column":null}},"type":"if","locations":[{"start":{"line":328,"column":2},"end":{"line":332,"column":null}},{"start":{"line":330,"column":9},"end":{"line":332,"column":null}}],"line":328},"7":{"loc":{"start":{"line":368,"column":2},"end":{"line":368,"column":null}},"type":"default-arg","locations":[{"start":{"line":368,"column":27},"end":{"line":368,"column":null}}],"line":368},"8":{"loc":{"start":{"line":378,"column":21},"end":{"line":380,"column":null}},"type":"cond-expr","locations":[{"start":{"line":379,"column":6},"end":{"line":379,"column":null}},{"start":{"line":380,"column":7},"end":{"line":380,"column":null}}],"line":378},"9":{"loc":{"start":{"line":380,"column":7},"end":{"line":380,"column":null}},"type":"binary-expr","locations":[{"start":{"line":380,"column":7},"end":{"line":380,"column":25}},{"start":{"line":380,"column":25},"end":{"line":380,"column":null}}],"line":380},"10":{"loc":{"start":{"line":389,"column":25},"end":{"line":391,"column":null}},"type":"cond-expr","locations":[{"start":{"line":389,"column":49},"end":{"line":390,"column":null}},{"start":{"line":391,"column":6},"end":{"line":391,"column":null}}],"line":389},"11":{"loc":{"start":{"line":448,"column":2},"end":{"line":450,"column":null}},"type":"if","locations":[{"start":{"line":448,"column":2},"end":{"line":450,"column":null}},{"start":{},"end":{}}],"line":448},"12":{"loc":{"start":{"line":451,"column":2},"end":{"line":453,"column":null}},"type":"if","locations":[{"start":{"line":451,"column":2},"end":{"line":453,"column":null}},{"start":{},"end":{}}],"line":451}},"s":{"0":2,"1":2,"2":2,"3":2,"4":4,"5":2,"6":2,"7":2,"8":2,"9":7,"10":7,"11":5,"12":2,"13":2,"14":2,"15":2,"16":20,"17":20,"18":20,"19":13,"20":13,"21":13,"22":13,"23":13,"24":13,"25":13,"26":13,"27":10,"28":3,"29":13,"30":13,"31":13,"32":13,"33":13,"34":13,"35":10,"36":3,"37":2,"38":1,"39":13,"40":5,"41":5,"42":5,"43":5,"44":5,"45":5,"46":5,"47":5,"48":5,"49":5,"50":5,"51":3,"52":3,"53":3,"54":3,"55":3,"56":3,"57":2,"58":4,"59":1,"60":3,"61":1,"62":2},"f":{"0":4,"1":7,"2":5,"3":2,"4":20,"5":13,"6":5,"7":3,"8":2,"9":4},"b":{"0":[4],"1":[4,0],"2":[2],"3":[13,0],"4":[10,3],"5":[10,3],"6":[2,1],"7":[5],"8":[1,4],"9":[4,2],"10":[5,0],"11":[1,3],"12":[1,2]},"meta":{"lastBranch":13,"lastFunction":10,"lastStatement":63,"seen":{"s:58:42:68:Infinity":0,"s:71:47:75:Infinity":1,"s:78:26:115:Infinity":2,"s:134:68:174:Infinity":3,"f:180:16:180:29":0,"b:180:68:180:74":0,"s:181:2:181:Infinity":4,"b:181:9:181:55:181:55:181:Infinity":1,"s:185:31:185:Infinity":5,"s:188:20:188:Infinity":6,"s:191:22:191:Infinity":7,"s:192:22:192:Infinity":8,"f:206:16:206:35":1,"s:209:25:209:Infinity":9,"s:210:2:210:Infinity":10,"f:221:16:221:35":2,"s:222:2:222:Infinity":11,"f:232:16:232:Infinity":3,"b:234:23:234:Infinity":2,"s:236:20:236:Infinity":12,"s:237:20:237:Infinity":13,"s:238:28:238:Infinity":14,"s:240:2:245:Infinity":15,"f:259:16:259:34":4,"s:261:23:261:Infinity":16,"s:264:20:264:Infinity":17,"s:267:2:267:Infinity":18,"f:281:16:281:Infinity":5,"s:287:20:287:Infinity":19,"s:288:31:288:Infinity":20,"s:291:19:291:Infinity":21,"s:292:29:292:Infinity":22,"s:295:21:295:Infinity":23,"s:296:22:296:Infinity":24,"s:299:12:299:Infinity":25,"b:299:39:299:83:299:83:299:Infinity":3,"b:305:2:309:Infinity:307:9:309:Infinity":4,"s:305:2:309:Infinity":26,"s:306:4:306:Infinity":27,"s:308:4:308:Infinity":28,"s:312:23:312:Infinity":29,"s:313:30:313:Infinity":30,"s:317:32:317:Infinity":31,"s:319:32:319:Infinity":32,"s:322:25:322:Infinity":33,"b:326:2:332:Infinity:328:2:332:Infinity":5,"s:326:2:332:Infinity":34,"s:327:4:327:Infinity":35,"b:328:2:332:Infinity:330:9:332:Infinity":6,"s:328:2:332:Infinity":36,"s:329:4:329:Infinity":37,"s:331:4:331:Infinity":38,"s:334:2:347:Infinity":39,"f:362:16:362:Infinity":6,"b:368:27:368:Infinity":7,"s:371:15:371:Infinity":40,"s:375:20:375:Infinity":41,"s:378:21:380:Infinity":42,"b:379:6:379:Infinity:380:7:380:Infinity":8,"b:380:7:380:25:380:25:380:Infinity":9,"s:381:26:381:Infinity":43,"s:382:32:382:Infinity":44,"s:385:21:385:Infinity":45,"s:386:29:386:Infinity":46,"s:389:25:391:Infinity":47,"b:389:49:390:Infinity:391:6:391:Infinity":10,"s:394:8:394:Infinity":48,"s:395:24:395:Infinity":49,"s:397:2:403:Infinity":50,"f:414:16:414:Infinity":7,"s:424:18:424:Infinity":51,"s:425:20:425:Infinity":52,"s:426:19:426:Infinity":53,"s:427:29:427:Infinity":54,"s:431:18:431:Infinity":55,"s:433:2:433:Infinity":56,"f:439:16:439:35":8,"s:441:2:441:Infinity":57,"f:447:16:447:27":9,"b:448:2:450:Infinity:undefined:undefined:undefined:undefined":11,"s:448:2:450:Infinity":58,"s:449:4:449:Infinity":59,"b:451:2:453:Infinity:undefined:undefined:undefined:undefined":12,"s:451:2:453:Infinity":60,"s:452:4:452:Infinity":61,"s:454:2:454:Infinity":62}}}
,"/Users/tyler/Documents/git/tylerkstevens/webapp-calculators/src/calculations/solar.ts": {"path":"/Users/tyler/Documents/git/tylerkstevens/webapp-calculators/src/calculations/solar.ts","statementMap":{"0":{"start":{"line":88,"column":23},"end":{"line":88,"column":null}},"1":{"start":{"line":91,"column":20},"end":{"line":91,"column":null}},"2":{"start":{"line":94,"column":22},"end":{"line":94,"column":null}},"3":{"start":{"line":97,"column":19},"end":{"line":97,"column":null}},"4":{"start":{"line":99,"column":2},"end":{"line":99,"column":null}},"5":{"start":{"line":115,"column":22},"end":{"line":115,"column":null}},"6":{"start":{"line":117,"column":2},"end":{"line":120,"column":null}},"7":{"start":{"line":118,"column":21},"end":{"line":118,"column":null}},"8":{"start":{"line":119,"column":4},"end":{"line":119,"column":null}},"9":{"start":{"line":134,"column":22},"end":{"line":134,"column":null}},"10":{"start":{"line":135,"column":2},"end":{"line":135,"column":null}},"11":{"start":{"line":150,"column":2},"end":{"line":150,"column":null}},"12":{"start":{"line":173,"column":28},"end":{"line":173,"column":null}},"13":{"start":{"line":178,"column":22},"end":{"line":178,"column":null}},"14":{"start":{"line":179,"column":27},"end":{"line":179,"column":null}},"15":{"start":{"line":182,"column":19},"end":{"line":182,"column":null}},"16":{"start":{"line":183,"column":19},"end":{"line":183,"column":null}},"17":{"start":{"line":186,"column":30},"end":{"line":186,"column":null}},"18":{"start":{"line":187,"column":30},"end":{"line":187,"column":null}},"19":{"start":{"line":187,"column":61},"end":{"line":187,"column":86}},"20":{"start":{"line":190,"column":20},"end":{"line":190,"column":null}},"21":{"start":{"line":190,"column":61},"end":{"line":190,"column":72}},"22":{"start":{"line":191,"column":20},"end":{"line":191,"column":null}},"23":{"start":{"line":192,"column":21},"end":{"line":192,"column":null}},"24":{"start":{"line":193,"column":21},"end":{"line":193,"column":null}},"25":{"start":{"line":196,"column":33},"end":{"line":196,"column":null}},"26":{"start":{"line":197,"column":20},"end":{"line":197,"column":null}},"27":{"start":{"line":199,"column":2},"end":{"line":215,"column":null}},"28":{"start":{"line":236,"column":29},"end":{"line":236,"column":null}},"29":{"start":{"line":239,"column":19},"end":{"line":239,"column":null}},"30":{"start":{"line":240,"column":22},"end":{"line":240,"column":null}},"31":{"start":{"line":244,"column":19},"end":{"line":244,"column":null}},"32":{"start":{"line":245,"column":24},"end":{"line":245,"column":null}},"33":{"start":{"line":247,"column":20},"end":{"line":247,"column":null}},"34":{"start":{"line":248,"column":24},"end":{"line":248,"column":null}},"35":{"start":{"line":251,"column":23},"end":{"line":251,"column":null}},"36":{"start":{"line":252,"column":30},"end":{"line":252,"column":null}},"37":{"start":{"line":253,"column":26},"end":{"line":253,"column":null}},"38":{"start":{"line":255,"column":2},"end":{"line":264,"column":null}},"39":{"start":{"line":275,"column":2},"end":{"line":277,"column":null}},"40":{"start":{"line":276,"column":4},"end":{"line":276,"column":null}},"41":{"start":{"line":278,"column":15},"end":{"line":278,"column":null}},"42":{"start":{"line":279,"column":2},"end":{"line":281,"column":null}},"43":{"start":{"line":280,"column":4},"end":{"line":280,"column":null}},"44":{"start":{"line":282,"column":2},"end":{"line":284,"column":null}},"45":{"start":{"line":283,"column":4},"end":{"line":283,"column":null}},"46":{"start":{"line":285,"column":2},"end":{"line":285,"column":null}},"47":{"start":{"line":292,"column":2},"end":{"line":294,"column":null}},"48":{"start":{"line":293,"column":4},"end":{"line":293,"column":null}},"49":{"start":{"line":295,"column":2},"end":{"line":295,"column":null}},"50":{"start":{"line":302,"column":2},"end":{"line":304,"column":null}},"51":{"start":{"line":303,"column":4},"end":{"line":303,"column":null}},"52":{"start":{"line":305,"column":2},"end":{"line":305,"column":null}},"53":{"start":{"line":312,"column":17},"end":{"line":314,"column":null}},"54":{"start":{"line":315,"column":2},"end":{"line":315,"column":null}}},"fnMap":{"0":{"name":"calculateDailySolarBtc","decl":{"start":{"line":82,"column":16},"end":{"line":82,"column":null}},"loc":{"start":{"line":86,"column":10},"end":{"line":100,"column":null}},"line":86},"1":{"name":"calculateMonthlyBtcBreakdown","decl":{"start":{"line":110,"column":16},"end":{"line":110,"column":null}},"loc":{"start":{"line":114,"column":12},"end":{"line":121,"column":null}},"line":114},"2":{"name":"(anonymous_2)","decl":{"start":{"line":117,"column":29},"end":{"line":117,"column":30}},"loc":{"start":{"line":117,"column":50},"end":{"line":120,"column":3}},"line":117},"3":{"name":"calculateMaxMiners","decl":{"start":{"line":130,"column":16},"end":{"line":130,"column":null}},"loc":{"start":{"line":133,"column":10},"end":{"line":136,"column":null}},"line":133},"4":{"name":"calculateSunHours","decl":{"start":{"line":145,"column":16},"end":{"line":145,"column":null}},"loc":{"start":{"line":148,"column":10},"end":{"line":151,"column":null}},"line":148},"5":{"name":"calculateSolarMining","decl":{"start":{"line":164,"column":16},"end":{"line":164,"column":null}},"loc":{"start":{"line":171,"column":21},"end":{"line":216,"column":null}},"line":171},"6":{"name":"(anonymous_6)","decl":{"start":{"line":187,"column":54},"end":{"line":187,"column":61}},"loc":{"start":{"line":187,"column":61},"end":{"line":187,"column":86}},"line":187},"7":{"name":"(anonymous_7)","decl":{"start":{"line":190,"column":47},"end":{"line":190,"column":48}},"loc":{"start":{"line":190,"column":61},"end":{"line":190,"column":72}},"line":190},"8":{"name":"calculateNetMeteringComparison","decl":{"start":{"line":228,"column":16},"end":{"line":228,"column":null}},"loc":{"start":{"line":234,"column":25},"end":{"line":265,"column":null}},"line":234},"9":{"name":"formatBtc","decl":{"start":{"line":274,"column":16},"end":{"line":274,"column":26}},"loc":{"start":{"line":274,"column":70},"end":{"line":286,"column":null}},"line":274},"10":{"name":"formatUsd","decl":{"start":{"line":291,"column":16},"end":{"line":291,"column":26}},"loc":{"start":{"line":291,"column":47},"end":{"line":296,"column":null}},"line":291},"11":{"name":"formatKwh","decl":{"start":{"line":301,"column":16},"end":{"line":301,"column":26}},"loc":{"start":{"line":301,"column":47},"end":{"line":306,"column":null}},"line":301},"12":{"name":"getMonthName","decl":{"start":{"line":311,"column":16},"end":{"line":311,"column":29}},"loc":{"start":{"line":311,"column":75},"end":{"line":316,"column":null}},"line":311}},"branchMap":{"0":{"loc":{"start":{"line":196,"column":33},"end":{"line":196,"column":null}},"type":"cond-expr","locations":[{"start":{"line":196,"column":59},"end":{"line":196,"column":93}},{"start":{"line":196,"column":93},"end":{"line":196,"column":null}}],"line":196},"1":{"loc":{"start":{"line":197,"column":20},"end":{"line":197,"column":null}},"type":"cond-expr","locations":[{"start":{"line":197,"column":47},"end":{"line":197,"column":88}},{"start":{"line":197,"column":88},"end":{"line":197,"column":null}}],"line":197},"2":{"loc":{"start":{"line":252,"column":30},"end":{"line":252,"column":null}},"type":"cond-expr","locations":[{"start":{"line":252,"column":55},"end":{"line":252,"column":92}},{"start":{"line":252,"column":92},"end":{"line":252,"column":null}}],"line":252},"3":{"loc":{"start":{"line":274,"column":39},"end":{"line":274,"column":70}},"type":"default-arg","locations":[{"start":{"line":274,"column":59},"end":{"line":274,"column":70}}],"line":274},"4":{"loc":{"start":{"line":275,"column":2},"end":{"line":277,"column":null}},"type":"if","locations":[{"start":{"line":275,"column":2},"end":{"line":277,"column":null}},{"start":{},"end":{}}],"line":275},"5":{"loc":{"start":{"line":279,"column":2},"end":{"line":281,"column":null}},"type":"if","locations":[{"start":{"line":279,"column":2},"end":{"line":281,"column":null}},{"start":{},"end":{}}],"line":279},"6":{"loc":{"start":{"line":282,"column":2},"end":{"line":284,"column":null}},"type":"if","locations":[{"start":{"line":282,"column":2},"end":{"line":284,"column":null}},{"start":{},"end":{}}],"line":282},"7":{"loc":{"start":{"line":292,"column":2},"end":{"line":294,"column":null}},"type":"if","locations":[{"start":{"line":292,"column":2},"end":{"line":294,"column":null}},{"start":{},"end":{}}],"line":292},"8":{"loc":{"start":{"line":302,"column":2},"end":{"line":304,"column":null}},"type":"if","locations":[{"start":{"line":302,"column":2},"end":{"line":304,"column":null}},{"start":{},"end":{}}],"line":302},"9":{"loc":{"start":{"line":311,"column":44},"end":{"line":311,"column":75}},"type":"default-arg","locations":[{"start":{"line":311,"column":61},"end":{"line":311,"column":75}}],"line":311},"10":{"loc":{"start":{"line":312,"column":17},"end":{"line":314,"column":null}},"type":"cond-expr","locations":[{"start":{"line":313,"column":6},"end":{"line":313,"column":null}},{"start":{"line":314,"column":6},"end":{"line":314,"column":null}}],"line":312},"11":{"loc":{"start":{"line":315,"column":9},"end":{"line":315,"column":null}},"type":"binary-expr","locations":[{"start":{"line":315,"column":9},"end":{"line":315,"column":26}},{"start":{"line":315,"column":26},"end":{"line":315,"column":null}}],"line":315}},"s":{"0":139,"1":139,"2":139,"3":139,"4":139,"5":10,"6":10,"7":120,"8":120,"9":4,"10":4,"11":11,"12":6,"13":6,"14":6,"15":6,"16":6,"17":6,"18":6,"19":72,"20":6,"21":72,"22":6,"23":6,"24":6,"25":6,"26":6,"27":6,"28":6,"29":6,"30":6,"31":6,"32":6,"33":6,"34":6,"35":6,"36":6,"37":6,"38":6,"39":6,"40":2,"41":4,"42":4,"43":1,"44":3,"45":1,"46":2,"47":6,"48":3,"49":3,"50":5,"51":3,"52":2,"53":8,"54":8},"f":{"0":139,"1":10,"2":120,"3":4,"4":11,"5":6,"6":72,"7":72,"8":6,"9":6,"10":6,"11":5,"12":8},"b":{"0":[6,0],"1":[6,0],"2":[5,1],"3":[6],"4":[2,4],"5":[1,3],"6":[1,2],"7":[3,3],"8":[3,2],"9":[8],"10":[5,3],"11":[8,2]},"meta":{"lastBranch":12,"lastFunction":13,"lastStatement":55,"seen":{"f:82:16:82:Infinity":0,"s:88:23:88:Infinity":0,"s:91:20:91:Infinity":1,"s:94:22:94:Infinity":2,"s:97:19:97:Infinity":3,"s:99:2:99:Infinity":4,"f:110:16:110:Infinity":1,"s:115:22:115:Infinity":5,"s:117:2:120:Infinity":6,"f:117:29:117:30":2,"s:118:21:118:Infinity":7,"s:119:4:119:Infinity":8,"f:130:16:130:Infinity":3,"s:134:22:134:Infinity":9,"s:135:2:135:Infinity":10,"f:145:16:145:Infinity":4,"s:150:2:150:Infinity":11,"f:164:16:164:Infinity":5,"s:173:28:173:Infinity":12,"s:178:22:178:Infinity":13,"s:179:27:179:Infinity":14,"s:182:19:182:Infinity":15,"s:183:19:183:Infinity":16,"s:186:30:186:Infinity":17,"s:187:30:187:Infinity":18,"f:187:54:187:61":6,"s:187:61:187:86":19,"s:190:20:190:Infinity":20,"f:190:47:190:48":7,"s:190:61:190:72":21,"s:191:20:191:Infinity":22,"s:192:21:192:Infinity":23,"s:193:21:193:Infinity":24,"s:196:33:196:Infinity":25,"b:196:59:196:93:196:93:196:Infinity":0,"s:197:20:197:Infinity":26,"b:197:47:197:88:197:88:197:Infinity":1,"s:199:2:215:Infinity":27,"f:228:16:228:Infinity":8,"s:236:29:236:Infinity":28,"s:239:19:239:Infinity":29,"s:240:22:240:Infinity":30,"s:244:19:244:Infinity":31,"s:245:24:245:Infinity":32,"s:247:20:247:Infinity":33,"s:248:24:248:Infinity":34,"s:251:23:251:Infinity":35,"s:252:30:252:Infinity":36,"b:252:55:252:92:252:92:252:Infinity":2,"s:253:26:253:Infinity":37,"s:255:2:264:Infinity":38,"f:274:16:274:26":9,"b:274:59:274:70":3,"b:275:2:277:Infinity:undefined:undefined:undefined:undefined":4,"s:275:2:277:Infinity":39,"s:276:4:276:Infinity":40,"s:278:15:278:Infinity":41,"b:279:2:281:Infinity:undefined:undefined:undefined:undefined":5,"s:279:2:281:Infinity":42,"s:280:4:280:Infinity":43,"b:282:2:284:Infinity:undefined:undefined:undefined:undefined":6,"s:282:2:284:Infinity":44,"s:283:4:283:Infinity":45,"s:285:2:285:Infinity":46,"f:291:16:291:26":10,"b:292:2:294:Infinity:undefined:undefined:undefined:undefined":7,"s:292:2:294:Infinity":47,"s:293:4:293:Infinity":48,"s:295:2:295:Infinity":49,"f:301:16:301:26":11,"b:302:2:304:Infinity:undefined:undefined:undefined:undefined":8,"s:302:2:304:Infinity":50,"s:303:4:303:Infinity":51,"s:305:2:305:Infinity":52,"f:311:16:311:29":12,"b:311:61:311:75":9,"s:312:17:314:Infinity":53,"b:313:6:313:Infinity:314:6:314:Infinity":10,"s:315:2:315:Infinity":54,"b:315:9:315:26:315:26:315:Infinity":11}}}
}
