TN:
SF:src/calculations/hashrate.ts
FN:180,getFuelSpecs
FN:206,calculateHashvalue
FN:221,calculateHashprice
FN:232,calculateNetworkMetrics
FN:259,calculateDailyBTC
FN:281,calculateCOPe
FN:362,calculateArbitrage
FN:414,calculateBreakevenForCOPe
FN:439,getMinerEfficiency
FN:447,formatCOPe
FNF:10
FNH:10
FNDA:4,getFuelSpecs
FNDA:7,calculateHashvalue
FNDA:5,calculateHashprice
FNDA:2,calculateNetworkMetrics
FNDA:20,calculateDailyBTC
FNDA:13,calculateCOPe
FNDA:5,calculateArbitrage
FNDA:3,calculateBreakevenForCOPe
FNDA:2,getMinerEfficiency
FNDA:4,formatCOPe
DA:58,2
DA:71,2
DA:78,2
DA:134,2
DA:181,4
DA:185,2
DA:188,2
DA:191,2
DA:192,2
DA:209,7
DA:210,7
DA:222,5
DA:236,2
DA:237,2
DA:238,2
DA:240,2
DA:261,20
DA:264,20
DA:267,20
DA:287,13
DA:288,13
DA:291,13
DA:292,13
DA:295,13
DA:296,13
DA:299,13
DA:305,13
DA:306,10
DA:308,3
DA:312,13
DA:313,13
DA:317,13
DA:319,13
DA:322,13
DA:326,13
DA:327,10
DA:328,3
DA:329,2
DA:331,1
DA:334,13
DA:371,5
DA:375,5
DA:378,5
DA:381,5
DA:382,5
DA:385,5
DA:386,5
DA:389,5
DA:394,5
DA:395,5
DA:397,5
DA:424,3
DA:425,3
DA:426,3
DA:427,3
DA:431,3
DA:433,3
DA:441,2
DA:448,4
DA:449,1
DA:451,3
DA:452,1
DA:454,2
LF:63
LH:63
BRDA:180,0,0,4
BRDA:181,1,0,4
BRDA:181,1,1,0
BRDA:234,2,0,2
BRDA:299,3,0,13
BRDA:299,3,1,0
BRDA:305,4,0,10
BRDA:305,4,1,3
BRDA:326,5,0,10
BRDA:326,5,1,3
BRDA:328,6,0,2
BRDA:328,6,1,1
BRDA:368,7,0,5
BRDA:378,8,0,1
BRDA:378,8,1,4
BRDA:380,9,0,4
BRDA:380,9,1,2
BRDA:389,10,0,5
BRDA:389,10,1,0
BRDA:448,11,0,1
BRDA:448,11,1,3
BRDA:451,12,0,1
BRDA:451,12,1,2
BRF:23
BRH:20
end_of_record
TN:
SF:src/calculations/solar.ts
FN:82,calculateDailySolarBtc
FN:110,calculateMonthlyBtcBreakdown
FN:117,(anonymous_2)
FN:130,calculateMaxMiners
FN:145,calculateSunHours
FN:164,calculateSolarMining
FN:187,(anonymous_6)
FN:190,(anonymous_7)
FN:228,calculateNetMeteringComparison
FN:274,formatBtc
FN:291,formatUsd
FN:301,formatKwh
FN:311,getMonthName
FNF:13
FNH:13
FNDA:139,calculateDailySolarBtc
FNDA:10,calculateMonthlyBtcBreakdown
FNDA:120,(anonymous_2)
FNDA:4,calculateMaxMiners
FNDA:11,calculateSunHours
FNDA:6,calculateSolarMining
FNDA:72,(anonymous_6)
FNDA:72,(anonymous_7)
FNDA:6,calculateNetMeteringComparison
FNDA:6,formatBtc
FNDA:6,formatUsd
FNDA:5,formatKwh
FNDA:8,getMonthName
DA:88,139
DA:91,139
DA:94,139
DA:97,139
DA:99,139
DA:115,10
DA:117,10
DA:118,120
DA:119,120
DA:134,4
DA:135,4
DA:150,11
DA:173,6
DA:178,6
DA:179,6
DA:182,6
DA:183,6
DA:186,6
DA:187,72
DA:190,72
DA:191,6
DA:192,6
DA:193,6
DA:196,6
DA:197,6
DA:199,6
DA:236,6
DA:239,6
DA:240,6
DA:244,6
DA:245,6
DA:247,6
DA:248,6
DA:251,6
DA:252,6
DA:253,6
DA:255,6
DA:275,6
DA:276,2
DA:278,4
DA:279,4
DA:280,1
DA:282,3
DA:283,1
DA:285,2
DA:292,6
DA:293,3
DA:295,3
DA:302,5
DA:303,3
DA:305,2
DA:312,8
DA:315,8
LF:53
LH:53
BRDA:196,0,0,6
BRDA:196,0,1,0
BRDA:197,1,0,6
BRDA:197,1,1,0
BRDA:252,2,0,5
BRDA:252,2,1,1
BRDA:274,3,0,6
BRDA:275,4,0,2
BRDA:275,4,1,4
BRDA:279,5,0,1
BRDA:279,5,1,3
BRDA:282,6,0,1
BRDA:282,6,1,2
BRDA:292,7,0,3
BRDA:292,7,1,3
BRDA:302,8,0,3
BRDA:302,8,1,2
BRDA:311,9,0,8
BRDA:312,10,0,5
BRDA:312,10,1,3
BRDA:315,11,0,8
BRDA:315,11,1,2
BRF:22
BRH:20
end_of_record
